<?xml version="1.0" encoding="UTF-8"?>
<!-- Generated by org.testng.reporters.JUnitXMLReporter -->
<testsuite hostname="LIN30000369" failures="0" tests="0" time="0.003" errors="0" timestamp="8 Jun 2022 18:31:08 GMT">
  <testcase classname="Uniform.Validateeditinformation" name="@BeforeTest initialize" time="0.0">
    <failure type="java.io.FileNotFoundException" message="\src\main\java\resources\data.properties (The system cannot find the path specified)">
      <![CDATA[java.io.FileNotFoundException: \src\main\java\resources\data.properties (The system cannot find the path specified)
	at java.base/java.io.FileInputStream.open0(Native Method)
	at java.base/java.io.FileInputStream.open(FileInputStream.java:211)
	at java.base/java.io.FileInputStream.<init>(FileInputStream.java:153)
	at java.base/java.io.FileInputStream.<init>(FileInputStream.java:108)
	at resources.base.initializeDriver(base.java:23)
	at Uniform.Validateeditinformation.initialize(Validateeditinformation.java:19)
... Removed 22 stack frames]]>
    </failure>
  </testcase> <!-- @BeforeTest initialize -->
</testsuite>
