<?xml version="1.0" encoding="UTF-8"?>
<testng-results total="5" passed="5" failed="0" skipped="0">
  <reporter-output>
  </reporter-output>
  <suite started-at="2022-06-10T23:03:13Z" name="Suite" finished-at="2022-06-10T23:04:04Z" duration-ms="50203">
    <groups>
    </groups>
    <test started-at="2022-06-10T23:03:13Z" name="Validating Register page" finished-at="2022-06-10T23:03:21Z" duration-ms="7214">
      <class name="Uniform.Validateregisterpage">
        <test-method is-config="true" signature="initialize()[pri:0, instance:Uniform.Validateregisterpage@d5ae57e]" started-at="2022-06-11T04:33:13Z" name="initialize" finished-at="2022-06-11T04:33:18Z" duration-ms="4842" status="PASS">
          <reporter-output>
          </reporter-output>
        </test-method> <!-- initialize -->
        <test-method signature="Register()[pri:0, instance:Uniform.Validateregisterpage@d5ae57e]" started-at="2022-06-11T04:33:18Z" name="Register" finished-at="2022-06-11T04:33:21Z" duration-ms="2248" status="PASS">
          <reporter-output>
          </reporter-output>
        </test-method> <!-- Register -->
        <test-method is-config="true" signature="tesrdown()[pri:0, instance:Uniform.Validateregisterpage@d5ae57e]" started-at="2022-06-11T04:33:21Z" name="tesrdown" finished-at="2022-06-11T04:33:21Z" duration-ms="109" status="PASS">
          <reporter-output>
          </reporter-output>
        </test-method> <!-- tesrdown -->
      </class> <!-- Uniform.Validateregisterpage -->
    </test> <!-- Validating Register page -->
    <test started-at="2022-06-10T23:03:21Z" name="Validating login page" finished-at="2022-06-10T23:03:27Z" duration-ms="6725">
      <class name="Uniform.Validatelogin">
        <test-method is-config="true" signature="initialize()[pri:0, instance:Uniform.Validatelogin@41a90fa8]" started-at="2022-06-11T04:33:21Z" name="initialize" finished-at="2022-06-11T04:33:25Z" duration-ms="4099" status="PASS">
          <reporter-output>
          </reporter-output>
        </test-method> <!-- initialize -->
        <test-method signature="login()[pri:0, instance:Uniform.Validatelogin@41a90fa8]" started-at="2022-06-11T04:33:25Z" name="login" finished-at="2022-06-11T04:33:27Z" duration-ms="2526" status="PASS">
          <reporter-output>
          </reporter-output>
        </test-method> <!-- login -->
        <test-method is-config="true" signature="teardown()[pri:0, instance:Uniform.Validatelogin@41a90fa8]" started-at="2022-06-11T04:33:27Z" name="teardown" finished-at="2022-06-11T04:33:27Z" duration-ms="94" status="PASS">
          <reporter-output>
          </reporter-output>
        </test-method> <!-- teardown -->
      </class> <!-- Uniform.Validatelogin -->
    </test> <!-- Validating login page -->
    <test started-at="2022-06-10T23:03:27Z" name="Validating wishlist page" finished-at="2022-06-10T23:03:35Z" duration-ms="8069">
      <class name="Uniform.Validatewishlist">
        <test-method is-config="true" signature="initialize()[pri:0, instance:Uniform.Validatewishlist@4215838f]" started-at="2022-06-11T04:33:27Z" name="initialize" finished-at="2022-06-11T04:33:33Z" duration-ms="5265" status="PASS">
          <reporter-output>
          </reporter-output>
        </test-method> <!-- initialize -->
        <test-method signature="wishlist()[pri:0, instance:Uniform.Validatewishlist@4215838f]" started-at="2022-06-11T04:33:33Z" name="wishlist" finished-at="2022-06-11T04:33:35Z" duration-ms="2698" status="PASS">
          <reporter-output>
          </reporter-output>
        </test-method> <!-- wishlist -->
        <test-method is-config="true" signature="teardown()[pri:0, instance:Uniform.Validatewishlist@4215838f]" started-at="2022-06-11T04:33:35Z" name="teardown" finished-at="2022-06-11T04:33:35Z" duration-ms="103" status="PASS">
          <reporter-output>
          </reporter-output>
        </test-method> <!-- teardown -->
      </class> <!-- Uniform.Validatewishlist -->
    </test> <!-- Validating wishlist page -->
    <test started-at="2022-06-10T23:03:36Z" name="Validating Addtocart page" finished-at="2022-06-10T23:03:44Z" duration-ms="8859">
      <class name="Uniform.validateAddtocart">
        <test-method is-config="true" signature="initialize()[pri:0, instance:Uniform.validateAddtocart@70dd7e15]" started-at="2022-06-11T04:33:36Z" name="initialize" finished-at="2022-06-11T04:33:41Z" duration-ms="5065" status="PASS">
          <reporter-output>
          </reporter-output>
        </test-method> <!-- initialize -->
        <test-method signature="Addtocart()[pri:0, instance:Uniform.validateAddtocart@70dd7e15]" started-at="2022-06-11T04:33:41Z" name="Addtocart" finished-at="2022-06-11T04:33:44Z" duration-ms="3696" status="PASS">
          <reporter-output>
          </reporter-output>
        </test-method> <!-- Addtocart -->
        <test-method is-config="true" signature="teardown()[pri:0, instance:Uniform.validateAddtocart@70dd7e15]" started-at="2022-06-11T04:33:44Z" name="teardown" finished-at="2022-06-11T04:33:44Z" duration-ms="96" status="PASS">
          <reporter-output>
          </reporter-output>
        </test-method> <!-- teardown -->
      </class> <!-- Uniform.validateAddtocart -->
    </test> <!-- Validating Addtocart page -->
    <test started-at="2022-06-10T23:03:44Z" name="Validating Checkout page" finished-at="2022-06-10T23:04:04Z" duration-ms="19281">
      <class name="Uniform.ValidateCheckout">
        <test-method is-config="true" signature="initialize()[pri:0, instance:Uniform.ValidateCheckout@53ab0286]" started-at="2022-06-11T04:33:44Z" name="initialize" finished-at="2022-06-11T04:33:49Z" duration-ms="4543" status="PASS">
          <reporter-output>
          </reporter-output>
        </test-method> <!-- initialize -->
        <test-method signature="Checkout()[pri:0, instance:Uniform.ValidateCheckout@53ab0286]" started-at="2022-06-11T04:33:49Z" name="Checkout" finished-at="2022-06-11T04:34:03Z" duration-ms="14545" status="PASS">
          <reporter-output>
          </reporter-output>
        </test-method> <!-- Checkout -->
        <test-method is-config="true" signature="teardown()[pri:0, instance:Uniform.ValidateCheckout@53ab0286]" started-at="2022-06-11T04:34:03Z" name="teardown" finished-at="2022-06-11T04:34:04Z" duration-ms="190" status="PASS">
          <reporter-output>
          </reporter-output>
        </test-method> <!-- teardown -->
      </class> <!-- Uniform.ValidateCheckout -->
    </test> <!-- Validating Checkout page -->
  </suite> <!-- Suite -->
</testng-results>
